<?xml version="1.0" encoding="UTF-8"?>
<!-- Generated by org.testng.reporters.JUnitReportReporter -->
<testsuite skipped="0" hostname="DESKTOP-Q9I17PC" name="org.youthwelfaresportsdevelopment.LoginSports" tests="4" failures="0" timestamp="2023-04-01T15:34:41 IST" time="61.303" errors="0">
  <testcase name="Login" time="15.850" classname="org.youthwelfaresportsdevelopment.LoginSports"/>
  <system-out/>
  <testcase name="Login" time="18.994" classname="org.youthwelfaresportsdevelopment.LoginSports"/>
  <system-out/>
  <testcase name="Login" time="14.863" classname="org.youthwelfaresportsdevelopment.LoginSports"/>
  <system-out/>
  <testcase name="Login" time="11.596" classname="org.youthwelfaresportsdevelopment.LoginSports"/>
  <system-out/>
</testsuite> <!-- org.youthwelfaresportsdevelopment.LoginSports -->
